mode: set
github.com/autom8y/ariadne/internal/cmd/sync/diff.go:14.49,26.55 2 0
github.com/autom8y/ariadne/internal/cmd/sync/diff.go:26.55,28.21 2 0
github.com/autom8y/ariadne/internal/cmd/sync/diff.go:28.21,30.5 1 0
github.com/autom8y/ariadne/internal/cmd/sync/diff.go:31.4,31.35 1 0
github.com/autom8y/ariadne/internal/cmd/sync/diff.go:35.2,37.12 2 0
github.com/autom8y/ariadne/internal/cmd/sync/diff.go:40.68,51.16 6 0
github.com/autom8y/ariadne/internal/cmd/sync/diff.go:51.16,54.3 2 0
github.com/autom8y/ariadne/internal/cmd/sync/diff.go:57.2,67.19 2 0
github.com/autom8y/ariadne/internal/cmd/sync/diff.go:67.19,70.3 2 0
github.com/autom8y/ariadne/internal/cmd/sync/diff.go:72.2,72.27 1 0
github.com/autom8y/ariadne/internal/cmd/sync/history.go:16.52,30.55 2 0
github.com/autom8y/ariadne/internal/cmd/sync/history.go:30.55,32.4 1 0
github.com/autom8y/ariadne/internal/cmd/sync/history.go:35.2,39.12 4 0
github.com/autom8y/ariadne/internal/cmd/sync/history.go:42.61,54.16 6 0
github.com/autom8y/ariadne/internal/cmd/sync/history.go:54.16,57.3 2 0
github.com/autom8y/ariadne/internal/cmd/sync/history.go:59.2,68.28 3 0
github.com/autom8y/ariadne/internal/cmd/sync/history.go:68.28,79.3 1 0
github.com/autom8y/ariadne/internal/cmd/sync/history.go:81.2,81.27 1 0
github.com/autom8y/ariadne/internal/cmd/sync/pull.go:17.49,39.55 2 0
github.com/autom8y/ariadne/internal/cmd/sync/pull.go:39.55,41.21 2 0
github.com/autom8y/ariadne/internal/cmd/sync/pull.go:41.21,43.5 1 0
github.com/autom8y/ariadne/internal/cmd/sync/pull.go:44.4,44.37 1 0
github.com/autom8y/ariadne/internal/cmd/sync/pull.go:48.2,52.12 4 0
github.com/autom8y/ariadne/internal/cmd/sync/pull.go:55.73,62.16 5 0
github.com/autom8y/ariadne/internal/cmd/sync/pull.go:62.16,65.3 2 0
github.com/autom8y/ariadne/internal/cmd/sync/pull.go:67.2,68.18 2 0
github.com/autom8y/ariadne/internal/cmd/sync/pull.go:68.18,69.19 1 0
github.com/autom8y/ariadne/internal/cmd/sync/pull.go:69.19,73.4 3 0
github.com/autom8y/ariadne/internal/cmd/sync/pull.go:74.3,74.24 1 0
github.com/autom8y/ariadne/internal/cmd/sync/pull.go:78.2,89.16 5 0
github.com/autom8y/ariadne/internal/cmd/sync/pull.go:89.16,94.3 3 0
github.com/autom8y/ariadne/internal/cmd/sync/pull.go:97.2,107.40 2 0
github.com/autom8y/ariadne/internal/cmd/sync/pull.go:107.40,114.3 1 0
github.com/autom8y/ariadne/internal/cmd/sync/pull.go:116.2,116.41 1 0
github.com/autom8y/ariadne/internal/cmd/sync/pull.go:116.41,124.3 1 0
github.com/autom8y/ariadne/internal/cmd/sync/pull.go:127.2,128.40 2 0
github.com/autom8y/ariadne/internal/cmd/sync/pull.go:128.40,130.3 1 0
github.com/autom8y/ariadne/internal/cmd/sync/pull.go:131.2,133.43 2 0
github.com/autom8y/ariadne/internal/cmd/sync/pull.go:133.43,135.3 1 0
github.com/autom8y/ariadne/internal/cmd/sync/pull.go:138.2,138.30 1 0
github.com/autom8y/ariadne/internal/cmd/sync/pull.go:138.30,140.42 2 0
github.com/autom8y/ariadne/internal/cmd/sync/pull.go:140.42,142.4 1 0
github.com/autom8y/ariadne/internal/cmd/sync/pull.go:143.3,143.47 1 0
github.com/autom8y/ariadne/internal/cmd/sync/pull.go:146.2,146.12 1 0
github.com/autom8y/ariadne/internal/cmd/sync/push.go:17.49,32.55 2 0
github.com/autom8y/ariadne/internal/cmd/sync/push.go:32.55,34.4 1 0
github.com/autom8y/ariadne/internal/cmd/sync/push.go:37.2,41.12 4 0
github.com/autom8y/ariadne/internal/cmd/sync/push.go:44.55,60.16 7 0
github.com/autom8y/ariadne/internal/cmd/sync/push.go:60.16,64.3 3 0
github.com/autom8y/ariadne/internal/cmd/sync/push.go:67.2,76.39 2 0
github.com/autom8y/ariadne/internal/cmd/sync/push.go:76.39,83.3 1 0
github.com/autom8y/ariadne/internal/cmd/sync/push.go:86.2,87.39 2 0
github.com/autom8y/ariadne/internal/cmd/sync/push.go:87.39,89.3 1 0
github.com/autom8y/ariadne/internal/cmd/sync/push.go:90.2,91.21 2 0
github.com/autom8y/ariadne/internal/cmd/sync/push.go:91.21,93.3 1 0
github.com/autom8y/ariadne/internal/cmd/sync/push.go:94.2,96.43 2 0
github.com/autom8y/ariadne/internal/cmd/sync/push.go:96.43,98.3 1 0
github.com/autom8y/ariadne/internal/cmd/sync/push.go:101.2,101.21 1 0
github.com/autom8y/ariadne/internal/cmd/sync/push.go:101.21,103.3 1 0
github.com/autom8y/ariadne/internal/cmd/sync/push.go:105.2,105.12 1 0
github.com/autom8y/ariadne/internal/cmd/sync/reset.go:21.50,34.55 2 0
github.com/autom8y/ariadne/internal/cmd/sync/reset.go:34.55,36.4 1 0
github.com/autom8y/ariadne/internal/cmd/sync/reset.go:39.2,42.12 3 0
github.com/autom8y/ariadne/internal/cmd/sync/reset.go:45.57,53.35 5 0
github.com/autom8y/ariadne/internal/cmd/sync/reset.go:53.35,57.3 3 0
github.com/autom8y/ariadne/internal/cmd/sync/reset.go:60.2,61.16 2 0
github.com/autom8y/ariadne/internal/cmd/sync/reset.go:61.16,64.3 2 0
github.com/autom8y/ariadne/internal/cmd/sync/reset.go:67.2,67.17 1 0
github.com/autom8y/ariadne/internal/cmd/sync/reset.go:67.17,69.16 2 0
github.com/autom8y/ariadne/internal/cmd/sync/reset.go:69.16,71.4 1 0
github.com/autom8y/ariadne/internal/cmd/sync/reset.go:73.3,78.43 5 0
github.com/autom8y/ariadne/internal/cmd/sync/reset.go:78.43,84.4 2 0
github.com/autom8y/ariadne/internal/cmd/sync/reset.go:87.2,90.31 2 0
github.com/autom8y/ariadne/internal/cmd/sync/reset.go:90.31,92.17 2 0
github.com/autom8y/ariadne/internal/cmd/sync/reset.go:92.17,95.4 2 0
github.com/autom8y/ariadne/internal/cmd/sync/reset.go:97.3,99.49 2 0
github.com/autom8y/ariadne/internal/cmd/sync/reset.go:99.49,100.32 1 0
github.com/autom8y/ariadne/internal/cmd/sync/reset.go:100.32,103.19 2 0
github.com/autom8y/ariadne/internal/cmd/sync/reset.go:103.19,104.14 1 0
github.com/autom8y/ariadne/internal/cmd/sync/reset.go:107.5,108.72 2 0
github.com/autom8y/ariadne/internal/cmd/sync/reset.go:108.72,109.14 1 0
github.com/autom8y/ariadne/internal/cmd/sync/reset.go:112.5,112.42 1 0
github.com/autom8y/ariadne/internal/cmd/sync/reset.go:118.2,118.45 1 0
github.com/autom8y/ariadne/internal/cmd/sync/reset.go:118.45,121.3 2 0
github.com/autom8y/ariadne/internal/cmd/sync/reset.go:124.2,134.27 3 0
github.com/autom8y/ariadne/internal/cmd/sync/resolve.go:16.52,33.55 2 0
github.com/autom8y/ariadne/internal/cmd/sync/resolve.go:33.55,35.21 2 0
github.com/autom8y/ariadne/internal/cmd/sync/resolve.go:35.21,37.5 1 0
github.com/autom8y/ariadne/internal/cmd/sync/resolve.go:38.4,38.38 1 0
github.com/autom8y/ariadne/internal/cmd/sync/resolve.go:42.2,45.12 3 0
github.com/autom8y/ariadne/internal/cmd/sync/resolve.go:48.74,54.23 4 0
github.com/autom8y/ariadne/internal/cmd/sync/resolve.go:55.14,56.30 1 0
github.com/autom8y/ariadne/internal/cmd/sync/resolve.go:57.16,58.32 1 0
github.com/autom8y/ariadne/internal/cmd/sync/resolve.go:59.15,60.31 1 0
github.com/autom8y/ariadne/internal/cmd/sync/resolve.go:61.10,64.13 3 0
github.com/autom8y/ariadne/internal/cmd/sync/resolve.go:68.2,79.16 5 0
github.com/autom8y/ariadne/internal/cmd/sync/resolve.go:79.16,82.3 2 0
github.com/autom8y/ariadne/internal/cmd/sync/resolve.go:85.2,94.37 2 0
github.com/autom8y/ariadne/internal/cmd/sync/resolve.go:94.37,96.3 1 0
github.com/autom8y/ariadne/internal/cmd/sync/resolve.go:98.2,98.27 1 0
github.com/autom8y/ariadne/internal/cmd/sync/status.go:10.51,22.55 1 0
github.com/autom8y/ariadne/internal/cmd/sync/status.go:22.55,24.4 1 0
github.com/autom8y/ariadne/internal/cmd/sync/status.go:27.2,27.12 1 0
github.com/autom8y/ariadne/internal/cmd/sync/status.go:30.39,36.16 5 0
github.com/autom8y/ariadne/internal/cmd/sync/status.go:36.16,39.3 2 0
github.com/autom8y/ariadne/internal/cmd/sync/status.go:42.2,48.18 2 0
github.com/autom8y/ariadne/internal/cmd/sync/status.go:48.18,50.3 1 0
github.com/autom8y/ariadne/internal/cmd/sync/status.go:52.2,53.30 2 0
github.com/autom8y/ariadne/internal/cmd/sync/status.go:53.30,55.3 1 0
github.com/autom8y/ariadne/internal/cmd/sync/status.go:58.2,59.50 2 0
github.com/autom8y/ariadne/internal/cmd/sync/status.go:59.50,62.3 2 0
github.com/autom8y/ariadne/internal/cmd/sync/status.go:65.2,65.48 1 0
github.com/autom8y/ariadne/internal/cmd/sync/status.go:65.48,74.3 1 0
github.com/autom8y/ariadne/internal/cmd/sync/status.go:77.2,77.26 1 0
github.com/autom8y/ariadne/internal/cmd/sync/status.go:77.26,79.37 2 0
github.com/autom8y/ariadne/internal/cmd/sync/status.go:79.37,87.4 1 0
github.com/autom8y/ariadne/internal/cmd/sync/status.go:90.2,90.27 1 0
github.com/autom8y/ariadne/internal/cmd/sync/status.go:94.38,95.19 1 0
github.com/autom8y/ariadne/internal/cmd/sync/status.go:95.19,97.3 1 0
github.com/autom8y/ariadne/internal/cmd/sync/status.go:98.2,98.13 1 0
github.com/autom8y/ariadne/internal/cmd/sync/sync.go:21.91,53.2 10 0
github.com/autom8y/ariadne/internal/cmd/sync/sync.go:58.51,60.21 2 0
github.com/autom8y/ariadne/internal/cmd/sync/sync.go:60.21,62.3 1 0
github.com/autom8y/ariadne/internal/cmd/sync/sync.go:63.2,64.22 2 0
github.com/autom8y/ariadne/internal/cmd/sync/sync.go:64.22,66.3 1 0
github.com/autom8y/ariadne/internal/cmd/sync/sync.go:67.2,67.65 1 0
github.com/autom8y/ariadne/internal/cmd/sync/sync.go:71.52,73.25 2 0
github.com/autom8y/ariadne/internal/cmd/sync/sync.go:73.25,75.3 1 0
github.com/autom8y/ariadne/internal/cmd/sync/sync.go:76.2,76.38 1 0
